\BOOKMARK [1][-]{section.1}{Einleitung}{}% 1
\BOOKMARK [2][-]{subsection.1.1}{Zielbestimmung}{section.1}% 2
\BOOKMARK [2][-]{subsection.1.2}{Nutzerrollen}{section.1}% 3
\BOOKMARK [1][-]{section.2}{Installation}{}% 4
\BOOKMARK [2][-]{subsection.2.1}{Installationsanleitung f\374r die Benutzung des SWT Programms \(Client\)}{section.2}% 5
\BOOKMARK [2][-]{subsection.2.2}{Installationsanleitung f\374r Server/Datenbank}{section.2}% 6
\BOOKMARK [1][-]{section.3}{Adminhandbuch}{}% 7
\BOOKMARK [2][-]{subsection.3.1}{Starten der Anwendung}{section.3}% 8
\BOOKMARK [2][-]{subsection.3.2}{Veranstaltung hinzuf\374gen}{section.3}% 9
\BOOKMARK [2][-]{subsection.3.3}{Veranstaltung bearbeiten}{section.3}% 10
\BOOKMARK [2][-]{subsection.3.4}{Veranstaltung l\366schen}{section.3}% 11
\BOOKMARK [1][-]{section.4}{Dozentenhandbuch}{}% 12
\BOOKMARK [2][-]{subsection.4.1}{Registrierung}{section.4}% 13
\BOOKMARK [2][-]{subsection.4.2}{Login}{section.4}% 14
\BOOKMARK [2][-]{subsection.4.3}{Passwort wiederherstellen und \344ndern}{section.4}% 15
\BOOKMARK [2][-]{subsection.4.4}{Veranstaltungen einsehen und bearbeiten}{section.4}% 16
\BOOKMARK [2][-]{subsection.4.5}{Gruppen und Teams einsehen und verwalten}{section.4}% 17
\BOOKMARK [2][-]{subsection.4.6}{Leistungen erstellen und verwalten}{section.4}% 18
\BOOKMARK [2][-]{subsection.4.7}{Leistungsbewertungen erstellen und verwalten}{section.4}% 19
\BOOKMARK [2][-]{subsection.4.8}{Logout}{section.4}% 20
\BOOKMARK [1][-]{section.5}{Studentenhandbuch}{}% 21
\BOOKMARK [2][-]{subsection.5.1}{Registrierung}{section.5}% 22
\BOOKMARK [2][-]{subsection.5.2}{Login}{section.5}% 23
\BOOKMARK [2][-]{subsection.5.3}{Passwort wiederherstellen und \344ndern}{section.5}% 24
\BOOKMARK [2][-]{subsection.5.4}{Veranstaltung hinzuf\374gen/verlassen}{section.5}% 25
\BOOKMARK [2][-]{subsection.5.5}{Gruppen und Teams bearbeiten}{section.5}% 26
\BOOKMARK [2][-]{subsection.5.6}{Leistungen ansehen}{section.5}% 27
\BOOKMARK [2][-]{subsection.5.7}{Logout}{section.5}% 28
